
> nest-backend@0.0.1 start
> nest start

[32m[Nest] 32312  - [39m11/07/2025, 11:03:40 AM [32m    LOG[39m [38;5;3m[NestFactory] [39m[32mStarting Nest application...[39m
[32m[Nest] 32312  - [39m11/07/2025, 11:03:40 AM [32m    LOG[39m [38;5;3m[InstanceLoader] [39m[32mPrismaModule dependencies initialized[39m[38;5;3m +92ms[39m
[32m[Nest] 32312  - [39m11/07/2025, 11:03:40 AM [32m    LOG[39m [38;5;3m[InstanceLoader] [39m[32mConfigHostModule dependencies initialized[39m[38;5;3m +1ms[39m
[32m[Nest] 32312  - [39m11/07/2025, 11:03:40 AM [32m    LOG[39m [38;5;3m[InstanceLoader] [39m[32mJwtModule dependencies initialized[39m[38;5;3m +1ms[39m
[32m[Nest] 32312  - [39m11/07/2025, 11:03:40 AM [32m    LOG[39m [38;5;3m[InstanceLoader] [39m[32mAppModule dependencies initialized[39m[38;5;3m +3ms[39m
[32m[Nest] 32312  - [39m11/07/2025, 11:03:40 AM [32m    LOG[39m [38;5;3m[InstanceLoader] [39m[32mConfigModule dependencies initialized[39m[38;5;3m +1ms[39m
[32m[Nest] 32312  - [39m11/07/2025, 11:03:40 AM [32m    LOG[39m [38;5;3m[InstanceLoader] [39m[32mDispatcherModule dependencies initialized[39m[38;5;3m +1ms[39m
[32m[Nest] 32312  - [39m11/07/2025, 11:03:40 AM [32m    LOG[39m [38;5;3m[InstanceLoader] [39m[32mAdminModule dependencies initialized[39m[38;5;3m +3ms[39m
[32m[Nest] 32312  - [39m11/07/2025, 11:03:40 AM [32m    LOG[39m [38;5;3m[InstanceLoader] [39m[32mAuthModule dependencies initialized[39m[38;5;3m +1ms[39m
[32m[Nest] 32312  - [39m11/07/2025, 11:03:40 AM [32m    LOG[39m [38;5;3m[RoutesResolver] [39m[32mAppController {/api}:[39m[38;5;3m +191ms[39m
[32m[Nest] 32312  - [39m11/07/2025, 11:03:40 AM [32m    LOG[39m [38;5;3m[RouterExplorer] [39m[32mMapped {/api, GET} route[39m[38;5;3m +10ms[39m
[32m[Nest] 32312  - [39m11/07/2025, 11:03:40 AM [32m    LOG[39m [38;5;3m[RouterExplorer] [39m[32mMapped {/api/health, GET} route[39m[38;5;3m +3ms[39m
[32m[Nest] 32312  - [39m11/07/2025, 11:03:40 AM [32m    LOG[39m [38;5;3m[RoutesResolver] [39m[32mAuthController {/api/auth}:[39m[38;5;3m +1ms[39m
[32m[Nest] 32312  - [39m11/07/2025, 11:03:40 AM [32m    LOG[39m [38;5;3m[RouterExplorer] [39m[32mMapped {/api/auth/login, POST} route[39m[38;5;3m +3ms[39m
[32m[Nest] 32312  - [39m11/07/2025, 11:03:40 AM [32m    LOG[39m [38;5;3m[RouterExplorer] [39m[32mMapped {/api/auth/refresh, POST} route[39m[38;5;3m +2ms[39m
[32m[Nest] 32312  - [39m11/07/2025, 11:03:40 AM [32m    LOG[39m [38;5;3m[RouterExplorer] [39m[32mMapped {/api/auth/me, POST} route[39m[38;5;3m +2ms[39m
[32m[Nest] 32312  - [39m11/07/2025, 11:03:40 AM [32m    LOG[39m [38;5;3m[RouterExplorer] [39m[32mMapped {/api/auth/token, POST} route[39m[38;5;3m +2ms[39m
[32m[Nest] 32312  - [39m11/07/2025, 11:03:40 AM [32m    LOG[39m [38;5;3m[RouterExplorer] [39m[32mMapped {/api/auth/logout, POST} route[39m[38;5;3m +2ms[39m
[32m[Nest] 32312  - [39m11/07/2025, 11:03:40 AM [32m    LOG[39m [38;5;3m[RoutesResolver] [39m[32mAdminController {/api/admin}:[39m[38;5;3m +0ms[39m
[32m[Nest] 32312  - [39m11/07/2025, 11:03:40 AM [32m    LOG[39m [38;5;3m[RouterExplorer] [39m[32mMapped {/api/admin/overview, GET} route[39m[38;5;3m +2ms[39m
[32m[Nest] 32312  - [39m11/07/2025, 11:03:40 AM [32m    LOG[39m [38;5;3m[RouterExplorer] [39m[32mMapped {/api/admin/me, GET} route[39m[38;5;3m +2ms[39m
[32m[Nest] 32312  - [39m11/07/2025, 11:03:40 AM [32m    LOG[39m [38;5;3m[RouterExplorer] [39m[32mMapped {/api/admin/staff, GET} route[39m[38;5;3m +1ms[39m
[32m[Nest] 32312  - [39m11/07/2025, 11:03:40 AM [32m    LOG[39m [38;5;3m[RouterExplorer] [39m[32mMapped {/api/admin/chats, GET} route[39m[38;5;3m +2ms[39m
[32m[Nest] 32312  - [39m11/07/2025, 11:03:40 AM [32m    LOG[39m [38;5;3m[RouterExplorer] [39m[32mMapped {/api/admin/chats/previews, GET} route[39m[38;5;3m +1ms[39m
[32m[Nest] 32312  - [39m11/07/2025, 11:03:40 AM [32m    LOG[39m [38;5;3m[RouterExplorer] [39m[32mMapped {/api/admin/chats/:chatId/messages, GET} route[39m[38;5;3m +3ms[39m
[32m[Nest] 32312  - [39m11/07/2025, 11:03:40 AM [32m    LOG[39m [38;5;3m[RouterExplorer] [39m[32mMapped {/api/admin/chats/:chatId/messages, POST} route[39m[38;5;3m +1ms[39m
[32m[Nest] 32312  - [39m11/07/2025, 11:03:40 AM [32m    LOG[39m [38;5;3m[RouterExplorer] [39m[32mMapped {/api/admin/chats/broadcast, POST} route[39m[38;5;3m +1ms[39m
[32m[Nest] 32312  - [39m11/07/2025, 11:03:40 AM [32m    LOG[39m [38;5;3m[RouterExplorer] [39m[32mMapped {/api/admin/chats/direct/:employeeId/messages, POST} route[39m[38;5;3m +1ms[39m
[32m[Nest] 32312  - [39m11/07/2025, 11:03:40 AM [32m    LOG[39m [38;5;3m[RouterExplorer] [39m[32mMapped {/api/admin/chats/direct/:employeeId/messages, GET} route[39m[38;5;3m +2ms[39m
[32m[Nest] 32312  - [39m11/07/2025, 11:03:40 AM [32m    LOG[39m [38;5;3m[RouterExplorer] [39m[32mMapped {/api/admin/chats/stream, GET} route[39m[38;5;3m +1ms[39m
[32m[Nest] 32312  - [39m11/07/2025, 11:03:40 AM [32m    LOG[39m [38;5;3m[RouterExplorer] [39m[32mMapped {/api/admin/staff, POST} route[39m[38;5;3m +1ms[39m
[32m[Nest] 32312  - [39m11/07/2025, 11:03:40 AM [32m    LOG[39m [38;5;3m[RouterExplorer] [39m[32mMapped {/api/admin/staff/:id, PUT} route[39m[38;5;3m +2ms[39m
[32m[Nest] 32312  - [39m11/07/2025, 11:03:40 AM [32m    LOG[39m [38;5;3m[RouterExplorer] [39m[32mMapped {/api/admin/staff/:id, DELETE} route[39m[38;5;3m +1ms[39m
[32m[Nest] 32312  - [39m11/07/2025, 11:03:40 AM [32m    LOG[39m [38;5;3m[RouterExplorer] [39m[32mMapped {/api/admin/ping, POST} route[39m[38;5;3m +2ms[39m
[32m[Nest] 32312  - [39m11/07/2025, 11:03:40 AM [32m    LOG[39m [38;5;3m[RouterExplorer] [39m[32mMapped {/api/admin/bays/:bayNo/override, POST} route[39m[38;5;3m +1ms[39m
[32m[Nest] 32312  - [39m11/07/2025, 11:03:40 AM [32m    LOG[39m [38;5;3m[RouterExplorer] [39m[32mMapped {/api/admin/override, POST} route[39m[38;5;3m +2ms[39m
[32m[Nest] 32312  - [39m11/07/2025, 11:03:40 AM [32m    LOG[39m [38;5;3m[RouterExplorer] [39m[32mMapped {/api/admin/settings, GET} route[39m[38;5;3m +1ms[39m
[32m[Nest] 32312  - [39m11/07/2025, 11:03:40 AM [32m    LOG[39m [38;5;3m[RouterExplorer] [39m[32mMapped {/api/admin/debug/sse-snapshot, GET} route[39m[38;5;3m +1ms[39m
[32m[Nest] 32312  - [39m11/07/2025, 11:03:40 AM [32m    LOG[39m [38;5;3m[RouterExplorer] [39m[32mMapped {/api/admin/settings, POST} route[39m[38;5;3m +2ms[39m
[32m[Nest] 32312  - [39m11/07/2025, 11:03:40 AM [32m    LOG[39m [38;5;3m[RouterExplorer] [39m[32mMapped {/api/admin/reports/summary, GET} route[39m[38;5;3m +1ms[39m
[32m[Nest] 32312  - [39m11/07/2025, 11:03:40 AM [32m    LOG[39m [38;5;3m[RouterExplorer] [39m[32mMapped {/api/admin/reports/sessions, GET} route[39m[38;5;3m +1ms[39m
[32m[Nest] 32312  - [39m11/07/2025, 11:03:40 AM [32m    LOG[39m [38;5;3m[RouterExplorer] [39m[32mMapped {/api/admin/audit, GET} route[39m[38;5;3m +2ms[39m
[32m[Nest] 32312  - [39m11/07/2025, 11:03:40 AM [32m    LOG[39m [38;5;3m[RouterExplorer] [39m[32mMapped {/api/admin/reports/export, POST} route[39m[38;5;3m +1ms[39m
[32m[Nest] 32312  - [39m11/07/2025, 11:03:40 AM [32m    LOG[39m [38;5;3m[RoutesResolver] [39m[32mDispatcherController {/api/dispatcher}:[39m[38;5;3m +1ms[39m
[32m[Nest] 32312  - [39m11/07/2025, 11:03:40 AM [32m    LOG[39m [38;5;3m[RouterExplorer] [39m[32mMapped {/api/dispatcher/overview, GET} route[39m[38;5;3m +2ms[39m
[32m[Nest] 32312  - [39m11/07/2025, 11:03:40 AM [32m    LOG[39m [38;5;3m[RouterExplorer] [39m[32mMapped {/api/dispatcher/bays, GET} route[39m[38;5;3m +1ms[39m
